<?xml version="1.0" encoding="UTF-8"?>
<!-- Generated by org.testng.reporters.JUnitXMLReporter -->
<testsuite ignored="0" hostname="KAITLYN" failures="7" tests="44" name="Test" time="251.517" errors="0" timestamp="2025-05-19T01:06:28 CDT">
  <testcase classname="dsAlgoTests.ArrayPageTest" name="findEvenNumberQtn" time="3.104"/>
  <testcase classname="dsAlgoTests.ArrayPageTest" name="inValidCodeTryEditorArraysInPython" time="2.789">
    <failure type="java.lang.AssertionError" message="expected [true] but found [false]">
      <![CDATA[java.lang.AssertionError: expected [true] but found [false]
at dsAlgoTests.ArrayPageTest.inValidCodeTryEditorArraysInPython(ArrayPageTest.java:120)
at java.base/java.util.ArrayList.forEach(ArrayList.java:1596)
... Removed 29 stack frames]]>
    </failure>
  </testcase> <!-- inValidCodeTryEditorArraysInPython -->
  <testcase classname="dsAlgoTests.ArrayPageTest" name="inValidCodeTryEditorArraysInPython" time="2.697"/>
  <testcase classname="dsAlgoTests.ArrayPageTest" name="inValidCodeTryEditorArraysInPython" time="2.971"/>
  <testcase classname="dsAlgoTests.ArrayPageTest" name="inValidCodeTryEditorArraysUsingList" time="2.447">
    <failure type="java.lang.AssertionError" message="expected [true] but found [false]">
      <![CDATA[java.lang.AssertionError: expected [true] but found [false]
at dsAlgoTests.ArrayPageTest.inValidCodeTryEditorArraysUsingList(ArrayPageTest.java:404)
at java.base/java.util.ArrayList.forEach(ArrayList.java:1596)
... Removed 29 stack frames]]>
    </failure>
  </testcase> <!-- inValidCodeTryEditorArraysUsingList -->
  <testcase classname="dsAlgoTests.ArrayPageTest" name="inValidCodeTryEditorArraysUsingList" time="1.696"/>
  <testcase classname="dsAlgoTests.ArrayPageTest" name="inValidCodeTryEditorArraysUsingList" time="1.816"/>
  <testcase classname="dsAlgoTests.ArrayPageTest" name="maxConOnesQtn" time="1.515"/>
  <testcase classname="dsAlgoTests.ArrayPageTest" name="practiseQtnsArraysInPython" time="0.935"/>
  <testcase classname="dsAlgoTests.ArrayPageTest" name="practiseQtnsArraysUsingList" time="1.417"/>
  <testcase classname="dsAlgoTests.ArrayPageTest" name="runInvalidCodeFindEvenNumber" time="1.662"/>
  <testcase classname="dsAlgoTests.ArrayPageTest" name="runInvalidCodeFindEvenNumber" time="2.076"/>
  <testcase classname="dsAlgoTests.ArrayPageTest" name="runInvalidCodeMaxConOnes" time="1.657"/>
  <testcase classname="dsAlgoTests.ArrayPageTest" name="runInvalidCodeMaxConOnes" time="2.174"/>
  <testcase classname="dsAlgoTests.ArrayPageTest" name="runInvalidCodeSearchTheArray" time="1.575"/>
  <testcase classname="dsAlgoTests.ArrayPageTest" name="runInvalidCodeSearchTheArray" time="1.718"/>
  <testcase classname="dsAlgoTests.ArrayPageTest" name="runInvalidCodeSqrsOfSortedArrayQtn" time="1.75"/>
  <testcase classname="dsAlgoTests.ArrayPageTest" name="runInvalidCodeSqrsOfSortedArrayQtn" time="1.787"/>
  <testcase classname="dsAlgoTests.ArrayPageTest" name="runValidCodeMaxConOnes" time="1.767"/>
  <testcase classname="dsAlgoTests.ArrayPageTest" name="runValidCodeSearchTheArray" time="4.302"/>
  <testcase classname="dsAlgoTests.ArrayPageTest" name="runValidFindEvenNumber" time="1.626"/>
  <testcase classname="dsAlgoTests.ArrayPageTest" name="runValidSqrsOfSortedArrayQtn" time="1.739"/>
  <testcase classname="dsAlgoTests.ArrayPageTest" name="searchTheArrayQtn" time="1.418"/>
  <testcase classname="dsAlgoTests.ArrayPageTest" name="sqrsOfSortedArrayQtn" time="1.526"/>
  <testcase classname="dsAlgoTests.ArrayPageTest" name="submitInvalidCodeFindEvenNumber" time="2.368"/>
  <testcase classname="dsAlgoTests.ArrayPageTest" name="submitInvalidCodeFindEvenNumber" time="2.562"/>
  <testcase classname="dsAlgoTests.ArrayPageTest" name="submitInvalidCodeMaxConOnes" time="2.4"/>
  <testcase classname="dsAlgoTests.ArrayPageTest" name="submitInvalidCodeMaxConOnes" time="2.364"/>
  <testcase classname="dsAlgoTests.ArrayPageTest" name="submitInvalidCodeSearchTheArray" time="2.266"/>
  <testcase classname="dsAlgoTests.ArrayPageTest" name="submitInvalidCodeSearchTheArray" time="2.243"/>
  <testcase classname="dsAlgoTests.ArrayPageTest" name="submitInvalidCodeSqrsOfSortedArrayQtn" time="2.224">
    <failure type="java.lang.AssertionError" message="expected [Error occurred during submission] but found [ No tests were collected]">
      <![CDATA[java.lang.AssertionError: expected [Error occurred during submission] but found [ No tests were collected]
at dsAlgoTests.ArrayPageTest.submitInvalidCodeSqrsOfSortedArrayQtn(ArrayPageTest.java:362)
at java.base/java.util.ArrayList.forEach(ArrayList.java:1596)
... Removed 31 stack frames]]>
    </failure>
  </testcase> <!-- submitInvalidCodeSqrsOfSortedArrayQtn -->
  <testcase classname="dsAlgoTests.ArrayPageTest" name="submitInvalidCodeSqrsOfSortedArrayQtn" time="2.324">
    <failure type="java.lang.AssertionError" message="expected [Error occurred during submission] but found [ No tests were collected]">
      <![CDATA[java.lang.AssertionError: expected [Error occurred during submission] but found [ No tests were collected]
at dsAlgoTests.ArrayPageTest.submitInvalidCodeSqrsOfSortedArrayQtn(ArrayPageTest.java:362)
at java.base/java.util.ArrayList.forEach(ArrayList.java:1596)
... Removed 31 stack frames]]>
    </failure>
  </testcase> <!-- submitInvalidCodeSqrsOfSortedArrayQtn -->
  <testcase classname="dsAlgoTests.ArrayPageTest" name="submitValidCodeFindEvenNumber" time="2.181"/>
  <testcase classname="dsAlgoTests.ArrayPageTest" name="submitValidCodeMaxConOnes" time="2.275">
    <failure type="java.lang.AssertionError" message="expected [Submission Successful] but found [ Some Tests failed. Please review code]">
      <![CDATA[java.lang.AssertionError: expected [Submission Successful] but found [ Some Tests failed. Please review code]
at dsAlgoTests.ArrayPageTest.submitValidCodeMaxConOnes(ArrayPageTest.java:258)
at java.base/java.util.ArrayList.forEach(ArrayList.java:1596)
... Removed 31 stack frames]]>
    </failure>
  </testcase> <!-- submitValidCodeMaxConOnes -->
  <testcase classname="dsAlgoTests.ArrayPageTest" name="submitValidCodeSearchTheArray" time="2.236">
    <failure type="java.lang.AssertionError" message="expected [Submission Successful] but found [ Some Tests failed. Please review code]">
      <![CDATA[java.lang.AssertionError: expected [Submission Successful] but found [ Some Tests failed. Please review code]
at dsAlgoTests.ArrayPageTest.submitValidCodeSearchTheArray(ArrayPageTest.java:200)
at java.base/java.util.ArrayList.forEach(ArrayList.java:1596)
... Removed 31 stack frames]]>
    </failure>
  </testcase> <!-- submitValidCodeSearchTheArray -->
  <testcase classname="dsAlgoTests.ArrayPageTest" name="submitValidCodeSqrsOfSortedArrayQtn" time="2.313">
    <failure type="java.lang.AssertionError" message="expected [Submission Successful] but found [ No tests were collected]">
      <![CDATA[java.lang.AssertionError: expected [Submission Successful] but found [ No tests were collected]
at dsAlgoTests.ArrayPageTest.submitValidCodeSqrsOfSortedArrayQtn(ArrayPageTest.java:374)
at java.base/java.util.ArrayList.forEach(ArrayList.java:1596)
... Removed 31 stack frames]]>
    </failure>
  </testcase> <!-- submitValidCodeSqrsOfSortedArrayQtn -->
  <testcase classname="dsAlgoTests.ArrayPageTest" name="userInArraysInPython" time="0.844"/>
  <testcase classname="dsAlgoTests.ArrayPageTest" name="userInArraysUsingList" time="0.674"/>
  <testcase classname="dsAlgoTests.ArrayPageTest" name="userInDropDownArrayPage" time="0.44"/>
  <testcase classname="dsAlgoTests.ArrayPageTest" name="userInGetStartedArrayPage" time="0.459"/>
  <testcase classname="dsAlgoTests.ArrayPageTest" name="userInTryEditorArraysInPython" time="1.634"/>
  <testcase classname="dsAlgoTests.ArrayPageTest" name="userInTryEditorArraysUsingList" time="1.086"/>
  <testcase classname="dsAlgoTests.ArrayPageTest" name="validCodeTryEditorArraysInPython" time="1.532"/>
  <testcase classname="dsAlgoTests.ArrayPageTest" name="validCodeTryEditorArraysUsingList" time="6.207"/>
</testsuite> <!-- Test -->
